<?xml version="1.0" encoding="UTF-8"?>
<!-- Generated by org.testng.reporters.JUnitXMLReporter -->
<testsuite hostname="DESKTOP-8REHEA8" name="Mytest" tests="4" failures="0" timestamp="10 Sep 2018 19:33:40 GMT" time="0.053" errors="0">
  <testcase name="method1" time="0.014" classname="xml.package1.Demo1"/>
  <testcase name="method2" time="0.005" classname="xml.package1.Demo1"/>
  <testcase name="method1" time="0.0" classname="xml.package2.Demo2"/>
  <testcase name="method2" time="0.002" classname="xml.package2.Demo2"/>
</testsuite> <!-- Mytest -->
