<?xml version="1.0" encoding="UTF-8"?>
<!-- Generated by org.testng.reporters.JUnitXMLReporter -->
<testsuite hostname="DESKTOP-6NI868R" ignored="0" name="Default test" tests="4" failures="0" timestamp="06 Sep 2019 10:27:12 GMT" time="76.324" errors="0">
  <testcase name="RegisterTest" time="7.171" classname="dataproviderWIthExcel.RediffMailRegistrationTest"/>
  <testcase name="RegisterTest" time="6.736" classname="dataproviderWIthExcel.RediffMailRegistrationTest"/>
  <testcase name="RegisterTest" time="6.384" classname="dataproviderWIthExcel.RediffMailRegistrationTest"/>
  <testcase name="RegisterTest" time="7.688" classname="dataproviderWIthExcel.RediffMailRegistrationTest"/>
</testsuite> <!-- Default test -->
