<?xml version="1.0" encoding="UTF-8"?>
<testng-results skipped="1" failed="0" total="3" passed="2">
  <reporter-output>
    <line>
      <![CDATA[Passed]]>
    </line>
    <line>
      <![CDATA[Passed]]>
    </line>
  </reporter-output>
  <suite name="My Test suite" duration-ms="32574" started-at="2018-09-10T19:35:04Z" finished-at="2018-09-10T19:35:37Z">
    <groups>
    </groups>
    <test name="IEtest" duration-ms="6694" started-at="2018-09-10T19:35:04Z" finished-at="2018-09-10T19:35:11Z">
      <class name="testCases.LoginTest">
        <test-method status="FAIL" signature="Broswer(java.lang.String)[pri:0, instance:testCases.LoginTest@25bbe1b6]" name="Broswer" is-config="true" duration-ms="0" started-at="2018-09-10T21:35:04Z" finished-at="2018-09-10T21:35:04Z">
          <params>
            <param index="0">
              <value>
                <![CDATA[IE]]>
              </value>
            </param>
          </params>
          <exception class="org.openqa.selenium.remote.SessionNotFoundException">
            <message>
              <![CDATA[Unexpected error launching Internet Explorer. Protected Mode settings are not the same for all zones. Enable Protected Mode must be set to the same value (enabled or disabled) for all zones. (WARNING: The server did not provide any stacktrace information)
Command duration or timeout: 5.74 seconds
Build info: version: '2.53.1', revision: 'a36b8b1', time: '2016-06-30 17:32:46'
System info: host: 'DESKTOP-8REHEA8', ip: '192.168.1.35', os.name: 'Windows 10', os.arch: 'amd64', os.version: '10.0', java.version: '1.8.0_181'
Driver info: org.openqa.selenium.ie.InternetExplorerDriver]]>
            </message>
            <full-stacktrace>
              <![CDATA[org.openqa.selenium.remote.SessionNotFoundException: Unexpected error launching Internet Explorer. Protected Mode settings are not the same for all zones. Enable Protected Mode must be set to the same value (enabled or disabled) for all zones. (WARNING: The server did not provide any stacktrace information)
Command duration or timeout: 5.74 seconds
Build info: version: '2.53.1', revision: 'a36b8b1', time: '2016-06-30 17:32:46'
System info: host: 'DESKTOP-8REHEA8', ip: '192.168.1.35', os.name: 'Windows 10', os.arch: 'amd64', os.version: '10.0', java.version: '1.8.0_181'
Driver info: org.openqa.selenium.ie.InternetExplorerDriver
	at sun.reflect.NativeConstructorAccessorImpl.newInstance0(Native Method)
	at sun.reflect.NativeConstructorAccessorImpl.newInstance(Unknown Source)
	at sun.reflect.DelegatingConstructorAccessorImpl.newInstance(Unknown Source)
	at java.lang.reflect.Constructor.newInstance(Unknown Source)
	at org.openqa.selenium.remote.ErrorHandler.createThrowable(ErrorHandler.java:206)
	at org.openqa.selenium.remote.ErrorHandler.throwIfResponseFailed(ErrorHandler.java:158)
	at org.openqa.selenium.remote.RemoteWebDriver.execute(RemoteWebDriver.java:678)
	at org.openqa.selenium.remote.RemoteWebDriver.startSession(RemoteWebDriver.java:249)
	at org.openqa.selenium.remote.RemoteWebDriver.startSession(RemoteWebDriver.java:234)
	at org.openqa.selenium.ie.InternetExplorerDriver.run(InternetExplorerDriver.java:182)
	at org.openqa.selenium.ie.InternetExplorerDriver.<init>(InternetExplorerDriver.java:174)
	at org.openqa.selenium.ie.InternetExplorerDriver.<init>(InternetExplorerDriver.java:146)
	at testCases.LoginTest.Broswer(LoginTest.java:40)
	at sun.reflect.NativeMethodAccessorImpl.invoke0(Native Method)
	at sun.reflect.NativeMethodAccessorImpl.invoke(Unknown Source)
	at sun.reflect.DelegatingMethodAccessorImpl.invoke(Unknown Source)
	at java.lang.reflect.Method.invoke(Unknown Source)
	at org.testng.internal.MethodInvocationHelper.invokeMethod(MethodInvocationHelper.java:85)
	at org.testng.internal.Invoker.invokeConfigurationMethod(Invoker.java:510)
	at org.testng.internal.Invoker.invokeConfigurations(Invoker.java:211)
	at org.testng.internal.Invoker.invokeConfigurations(Invoker.java:138)
	at org.testng.internal.TestMethodWorker.invokeBeforeClassMethods(TestMethodWorker.java:170)
	at org.testng.internal.TestMethodWorker.run(TestMethodWorker.java:104)
	at org.testng.TestRunner.privateRun(TestRunner.java:774)
	at org.testng.TestRunner.run(TestRunner.java:624)
	at org.testng.SuiteRunner.runTest(SuiteRunner.java:359)
	at org.testng.SuiteRunner.access$000(SuiteRunner.java:39)
	at org.testng.SuiteRunner$SuiteWorker.run(SuiteRunner.java:393)
	at org.testng.internal.thread.ThreadUtil$2.call(ThreadUtil.java:64)
	at java.util.concurrent.FutureTask.run(Unknown Source)
	at java.util.concurrent.ThreadPoolExecutor.runWorker(Unknown Source)
	at java.util.concurrent.ThreadPoolExecutor$Worker.run(Unknown Source)
	at java.lang.Thread.run(Unknown Source)
]]>
            </full-stacktrace>
          </exception> <!-- org.openqa.selenium.remote.SessionNotFoundException -->
          <reporter-output>
          </reporter-output>
        </test-method> <!-- Broswer -->
        <test-method status="SKIP" signature="Login()[pri:0, instance:testCases.LoginTest@25bbe1b6]" name="Login" duration-ms="2" started-at="2018-09-10T21:35:11Z" finished-at="2018-09-10T21:35:11Z">
          <reporter-output>
          </reporter-output>
        </test-method> <!-- Login -->
        <test-method status="SKIP" signature="Teardown()[pri:0, instance:testCases.LoginTest@25bbe1b6]" name="Teardown" is-config="true" duration-ms="0" started-at="2018-09-10T21:35:11Z" finished-at="2018-09-10T21:35:11Z">
          <reporter-output>
          </reporter-output>
        </test-method> <!-- Teardown -->
      </class> <!-- testCases.LoginTest -->
    </test> <!-- IEtest -->
    <test name="ChromeTest" duration-ms="31985" started-at="2018-09-10T19:35:04Z" finished-at="2018-09-10T19:35:36Z">
      <class name="testCases.LoginTest">
        <test-method status="PASS" signature="Broswer(java.lang.String)[pri:0, instance:testCases.LoginTest@5cb9f472]" name="Broswer" is-config="true" duration-ms="23324" started-at="2018-09-10T21:35:04Z" finished-at="2018-09-10T21:35:28Z">
          <params>
            <param index="0">
              <value>
                <![CDATA[Chrome]]>
              </value>
            </param>
          </params>
          <reporter-output>
          </reporter-output>
        </test-method> <!-- Broswer -->
        <test-method status="PASS" signature="Login()[pri:0, instance:testCases.LoginTest@5cb9f472]" name="Login" duration-ms="8256" started-at="2018-09-10T21:35:28Z" finished-at="2018-09-10T21:35:36Z">
          <reporter-output>
            <line>
              <![CDATA[Passed]]>
            </line>
          </reporter-output>
        </test-method> <!-- Login -->
        <test-method status="PASS" signature="Teardown()[pri:0, instance:testCases.LoginTest@5cb9f472]" name="Teardown" is-config="true" duration-ms="392" started-at="2018-09-10T21:35:36Z" finished-at="2018-09-10T21:35:36Z">
          <reporter-output>
          </reporter-output>
        </test-method> <!-- Teardown -->
      </class> <!-- testCases.LoginTest -->
    </test> <!-- ChromeTest -->
    <test name="FirefoxTest" duration-ms="32574" started-at="2018-09-10T19:35:04Z" finished-at="2018-09-10T19:35:37Z">
      <class name="testCases.LoginTest">
        <test-method status="PASS" signature="Broswer(java.lang.String)[pri:0, instance:testCases.LoginTest@553f17c]" name="Broswer" is-config="true" duration-ms="21874" started-at="2018-09-10T21:35:04Z" finished-at="2018-09-10T21:35:26Z">
          <params>
            <param index="0">
              <value>
                <![CDATA[firefox]]>
              </value>
            </param>
          </params>
          <reporter-output>
          </reporter-output>
        </test-method> <!-- Broswer -->
        <test-method status="PASS" signature="Login()[pri:0, instance:testCases.LoginTest@553f17c]" name="Login" duration-ms="10658" started-at="2018-09-10T21:35:26Z" finished-at="2018-09-10T21:35:37Z">
          <reporter-output>
            <line>
              <![CDATA[Passed]]>
            </line>
          </reporter-output>
        </test-method> <!-- Login -->
        <test-method status="PASS" signature="Teardown()[pri:0, instance:testCases.LoginTest@553f17c]" name="Teardown" is-config="true" duration-ms="28" started-at="2018-09-10T21:35:37Z" finished-at="2018-09-10T21:35:37Z">
          <reporter-output>
          </reporter-output>
        </test-method> <!-- Teardown -->
      </class> <!-- testCases.LoginTest -->
    </test> <!-- FirefoxTest -->
  </suite> <!-- My Test suite -->
</testng-results>
