<?xml version="1.0" encoding="UTF-8"?>
<testng-results skipped="0" failed="0" ignored="0" total="1" passed="1">
  <reporter-output>
  </reporter-output>
  <suite name="Default suite" duration-ms="22848" started-at="2019-09-14T18:50:26Z" finished-at="2019-09-14T18:50:49Z">
    <groups>
    </groups>
    <test name="Default test" duration-ms="22848" started-at="2019-09-14T18:50:26Z" finished-at="2019-09-14T18:50:49Z">
      <class name="webdriver.TestNGExp">
        <test-method status="PASS" signature="Broswer()[pri:0, instance:webdriver.TestNGExp@44c8afef]" name="Broswer" is-config="true" duration-ms="16330" started-at="2019-09-14T18:50:26Z" finished-at="2019-09-14T18:50:43Z">
          <reporter-output>
          </reporter-output>
        </test-method> <!-- Broswer -->
        <test-method status="PASS" signature="Login()[pri:0, instance:webdriver.TestNGExp@44c8afef]" name="Login" duration-ms="3323" started-at="2019-09-14T18:50:43Z" finished-at="2019-09-14T18:50:46Z">
          <reporter-output>
          </reporter-output>
        </test-method> <!-- Login -->
        <test-method status="PASS" signature="TearDown()[pri:0, instance:webdriver.TestNGExp@44c8afef]" name="TearDown" is-config="true" duration-ms="3135" started-at="2019-09-14T18:50:46Z" finished-at="2019-09-14T18:50:49Z">
          <reporter-output>
          </reporter-output>
        </test-method> <!-- TearDown -->
      </class> <!-- webdriver.TestNGExp -->
    </test> <!-- Default test -->
  </suite> <!-- Default suite -->
</testng-results>
